2020-07-14 20:58:52.492 [main] DEBUG com.jesse.shop.ShopApplication - Running with Spring Boot v2.3.1.RELEASE, Spring v5.2.7.RELEASE
2020-07-14 20:59:55.235 [http-nio-80-exec-6] DEBUG c.j.s.dao.LocalAuthDao.queryLocalByUserNameAndPwd - ==>  Preparing: SELECT l.local_auth_id, l.username, l.password, l.create_time, l.last_edit_time, p.user_id, p.name, p.gender, p.email, p.profile_img, p.user_type, p.create_time, p.last_edit_time, p.enable_status FROM tb_local_auth l LEFT JOIN tb_person_info p ON l.user_id = p.user_id WHERE l.username = ? AND l.password = ?
2020-07-14 20:59:55.271 [http-nio-80-exec-6] DEBUG c.j.s.dao.LocalAuthDao.queryLocalByUserNameAndPwd - ==> Parameters: kong(String), 123(String)
2020-07-14 20:59:55.315 [http-nio-80-exec-6] DEBUG c.j.s.dao.LocalAuthDao.queryLocalByUserNameAndPwd - <==      Total: 1
2020-07-14 20:59:55.497 [http-nio-80-exec-10] DEBUG com.jesse.shop.dao.StoreDao.queryStoreList - ==>  Preparing: SELECT s.store_id, s.store_name, s.store_desc, s.store_addr, s.phone, s.store_img, s.priority, s.create_time, s.last_edit_time, s.enable_status, s.advice, a.area_id, a.area_name, sc.store_category_id, sc.store_category_name FROM tb_store s, tb_area a, tb_store_category sc WHERE s.owner_id = ? AND s.store_category_id = sc.store_category_id AND s.area_id = a.area_id ORDER BY s.priority DESC LIMIT ?, ?;
2020-07-14 20:59:55.497 [http-nio-80-exec-10] DEBUG com.jesse.shop.dao.StoreDao.queryStoreList - ==> Parameters: 1(Long), 0(Integer), 100(Integer)
2020-07-14 20:59:55.511 [http-nio-80-exec-10] DEBUG com.jesse.shop.dao.StoreDao.queryStoreList - <==      Total: 6
2020-07-14 20:59:55.512 [http-nio-80-exec-10] DEBUG com.jesse.shop.dao.StoreDao.queryStoreCount - ==>  Preparing: SELECT count(1) FROM tb_store s, tb_area a, tb_store_category sc WHERE s.owner_id = ? AND s.store_category_id = sc.store_category_id AND s.area_id = a.area_id
2020-07-14 20:59:55.512 [http-nio-80-exec-10] DEBUG com.jesse.shop.dao.StoreDao.queryStoreCount - ==> Parameters: 1(Long)
2020-07-14 20:59:55.514 [http-nio-80-exec-10] DEBUG com.jesse.shop.dao.StoreDao.queryStoreCount - <==      Total: 1
2020-07-14 21:01:19.945 [http-nio-80-exec-4] DEBUG com.jesse.shop.dao.StoreDao.queryByStoreId - ==>  Preparing: SELECT s.store_id, s.store_name, s.store_desc, s.store_addr, s.phone, s.store_img, s.priority, s.create_time, s.last_edit_time, s.enable_status, s.advice, a.area_id, a.area_name, sc.store_category_id, sc.store_category_name FROM tb_store s, tb_area a, tb_store_category sc WHERE s.area_id=a.area_id AND s.store_category_id = sc.store_category_id AND s.store_id = ?
2020-07-14 21:01:19.945 [http-nio-80-exec-4] DEBUG com.jesse.shop.dao.StoreDao.queryByStoreId - ==> Parameters: 28(Long)
2020-07-14 21:01:19.948 [http-nio-80-exec-4] DEBUG com.jesse.shop.dao.StoreDao.queryByStoreId - <==      Total: 1
2020-07-14 21:01:24.868 [http-nio-80-exec-5] DEBUG com.jesse.shop.dao.StoreDao.queryByStoreId - ==>  Preparing: SELECT s.store_id, s.store_name, s.store_desc, s.store_addr, s.phone, s.store_img, s.priority, s.create_time, s.last_edit_time, s.enable_status, s.advice, a.area_id, a.area_name, sc.store_category_id, sc.store_category_name FROM tb_store s, tb_area a, tb_store_category sc WHERE s.area_id=a.area_id AND s.store_category_id = sc.store_category_id AND s.store_id = ?
2020-07-14 21:01:24.868 [http-nio-80-exec-5] DEBUG com.jesse.shop.dao.StoreDao.queryByStoreId - ==> Parameters: 28(Long)
2020-07-14 21:01:24.870 [http-nio-80-exec-5] DEBUG com.jesse.shop.dao.StoreDao.queryByStoreId - <==      Total: 1
2020-07-14 21:01:28.102 [http-nio-80-exec-7] DEBUG com.jesse.shop.dao.StoreDao.queryByStoreId - ==>  Preparing: SELECT s.store_id, s.store_name, s.store_desc, s.store_addr, s.phone, s.store_img, s.priority, s.create_time, s.last_edit_time, s.enable_status, s.advice, a.area_id, a.area_name, sc.store_category_id, sc.store_category_name FROM tb_store s, tb_area a, tb_store_category sc WHERE s.area_id=a.area_id AND s.store_category_id = sc.store_category_id AND s.store_id = ?
2020-07-14 21:01:28.102 [http-nio-80-exec-7] DEBUG com.jesse.shop.dao.StoreDao.queryByStoreId - ==> Parameters: 28(Long)
2020-07-14 21:01:28.104 [http-nio-80-exec-7] DEBUG com.jesse.shop.dao.StoreDao.queryByStoreId - <==      Total: 1
2020-07-14 21:01:36.264 [http-nio-80-exec-10] DEBUG com.jesse.shop.dao.StoreDao.queryByStoreId - ==>  Preparing: SELECT s.store_id, s.store_name, s.store_desc, s.store_addr, s.phone, s.store_img, s.priority, s.create_time, s.last_edit_time, s.enable_status, s.advice, a.area_id, a.area_name, sc.store_category_id, sc.store_category_name FROM tb_store s, tb_area a, tb_store_category sc WHERE s.area_id=a.area_id AND s.store_category_id = sc.store_category_id AND s.store_id = ?
2020-07-14 21:01:36.265 [http-nio-80-exec-10] DEBUG com.jesse.shop.dao.StoreDao.queryByStoreId - ==> Parameters: 28(Long)
2020-07-14 21:01:36.267 [http-nio-80-exec-10] DEBUG com.jesse.shop.dao.StoreDao.queryByStoreId - <==      Total: 1
2020-07-14 21:01:37.414 [http-nio-80-exec-1] DEBUG com.jesse.shop.dao.StoreDao.queryByStoreId - ==>  Preparing: SELECT s.store_id, s.store_name, s.store_desc, s.store_addr, s.phone, s.store_img, s.priority, s.create_time, s.last_edit_time, s.enable_status, s.advice, a.area_id, a.area_name, sc.store_category_id, sc.store_category_name FROM tb_store s, tb_area a, tb_store_category sc WHERE s.area_id=a.area_id AND s.store_category_id = sc.store_category_id AND s.store_id = ?
2020-07-14 21:01:37.415 [http-nio-80-exec-1] DEBUG com.jesse.shop.dao.StoreDao.queryByStoreId - ==> Parameters: 28(Long)
2020-07-14 21:01:37.417 [http-nio-80-exec-1] DEBUG com.jesse.shop.dao.StoreDao.queryByStoreId - <==      Total: 1
2020-07-14 21:01:42.170 [http-nio-80-exec-3] DEBUG com.jesse.shop.dao.StoreDao.queryStoreList - ==>  Preparing: SELECT s.store_id, s.store_name, s.store_desc, s.store_addr, s.phone, s.store_img, s.priority, s.create_time, s.last_edit_time, s.enable_status, s.advice, a.area_id, a.area_name, sc.store_category_id, sc.store_category_name FROM tb_store s, tb_area a, tb_store_category sc WHERE s.owner_id = ? AND s.store_category_id = sc.store_category_id AND s.area_id = a.area_id ORDER BY s.priority DESC LIMIT ?, ?;
2020-07-14 21:01:42.170 [http-nio-80-exec-3] DEBUG com.jesse.shop.dao.StoreDao.queryStoreList - ==> Parameters: 1(Long), 0(Integer), 100(Integer)
2020-07-14 21:01:42.179 [http-nio-80-exec-3] DEBUG com.jesse.shop.dao.StoreDao.queryStoreList - <==      Total: 6
2020-07-14 21:01:42.179 [http-nio-80-exec-3] DEBUG com.jesse.shop.dao.StoreDao.queryStoreCount - ==>  Preparing: SELECT count(1) FROM tb_store s, tb_area a, tb_store_category sc WHERE s.owner_id = ? AND s.store_category_id = sc.store_category_id AND s.area_id = a.area_id
2020-07-14 21:01:42.180 [http-nio-80-exec-3] DEBUG com.jesse.shop.dao.StoreDao.queryStoreCount - ==> Parameters: 1(Long)
2020-07-14 21:01:42.181 [http-nio-80-exec-3] DEBUG com.jesse.shop.dao.StoreDao.queryStoreCount - <==      Total: 1
2020-07-14 21:01:45.701 [http-nio-80-exec-7] DEBUG com.jesse.shop.dao.StoreDao.queryByStoreId - ==>  Preparing: SELECT s.store_id, s.store_name, s.store_desc, s.store_addr, s.phone, s.store_img, s.priority, s.create_time, s.last_edit_time, s.enable_status, s.advice, a.area_id, a.area_name, sc.store_category_id, sc.store_category_name FROM tb_store s, tb_area a, tb_store_category sc WHERE s.area_id=a.area_id AND s.store_category_id = sc.store_category_id AND s.store_id = ?
2020-07-14 21:01:45.702 [http-nio-80-exec-7] DEBUG com.jesse.shop.dao.StoreDao.queryByStoreId - ==> Parameters: 28(Long)
2020-07-14 21:01:45.704 [http-nio-80-exec-7] DEBUG com.jesse.shop.dao.StoreDao.queryByStoreId - <==      Total: 1
2020-07-14 21:01:57.617 [http-nio-80-exec-4] DEBUG com.jesse.shop.dao.ProductDao.queryProductList - ==>  Preparing: SELECT product_id, product_name, product_desc, img_addr, normal_price, promotion_price, priority, create_time, last_edit_time, enable_status, # TODO point, product_category_id, store_id FROM tb_product WHERE store_id = ? ORDER BY priority DESC LIMIT ?,?;
2020-07-14 21:01:57.617 [http-nio-80-exec-4] DEBUG com.jesse.shop.dao.ProductDao.queryProductList - ==> Parameters: 28(Long), 0(Integer), 999(Integer)
2020-07-14 21:01:57.624 [http-nio-80-exec-4] DEBUG com.jesse.shop.dao.ProductDao.queryProductList - <==      Total: 6
2020-07-14 21:01:57.625 [http-nio-80-exec-4] DEBUG com.jesse.shop.dao.ProductDao.queryProductCount - ==>  Preparing: SELECT count(1) FROM tb_product WHERE store_id = ?
2020-07-14 21:01:57.626 [http-nio-80-exec-4] DEBUG com.jesse.shop.dao.ProductDao.queryProductCount - ==> Parameters: 28(Long)
2020-07-14 21:01:57.626 [http-nio-80-exec-4] DEBUG com.jesse.shop.dao.ProductDao.queryProductCount - <==      Total: 1
2020-07-14 21:02:16.933 [http-nio-80-exec-5] DEBUG com.jesse.shop.dao.StoreDao.queryByStoreId - ==>  Preparing: SELECT s.store_id, s.store_name, s.store_desc, s.store_addr, s.phone, s.store_img, s.priority, s.create_time, s.last_edit_time, s.enable_status, s.advice, a.area_id, a.area_name, sc.store_category_id, sc.store_category_name FROM tb_store s, tb_area a, tb_store_category sc WHERE s.area_id=a.area_id AND s.store_category_id = sc.store_category_id AND s.store_id = ?
2020-07-14 21:02:16.934 [http-nio-80-exec-5] DEBUG com.jesse.shop.dao.StoreDao.queryByStoreId - ==> Parameters: 28(Long)
2020-07-14 21:02:16.935 [http-nio-80-exec-5] DEBUG com.jesse.shop.dao.StoreDao.queryByStoreId - <==      Total: 1
2020-07-14 21:02:26.496 [http-nio-80-exec-7] DEBUG com.jesse.shop.dao.StoreDao.queryByStoreId - ==>  Preparing: SELECT s.store_id, s.store_name, s.store_desc, s.store_addr, s.phone, s.store_img, s.priority, s.create_time, s.last_edit_time, s.enable_status, s.advice, a.area_id, a.area_name, sc.store_category_id, sc.store_category_name FROM tb_store s, tb_area a, tb_store_category sc WHERE s.area_id=a.area_id AND s.store_category_id = sc.store_category_id AND s.store_id = ?
2020-07-14 21:02:26.496 [http-nio-80-exec-7] DEBUG com.jesse.shop.dao.StoreDao.queryByStoreId - ==> Parameters: 28(Long)
2020-07-14 21:02:26.497 [http-nio-80-exec-7] DEBUG com.jesse.shop.dao.StoreDao.queryByStoreId - <==      Total: 1
2020-07-14 21:03:56.967 [http-nio-80-exec-1] DEBUG com.jesse.shop.dao.StoreDao.queryByStoreId - ==>  Preparing: SELECT s.store_id, s.store_name, s.store_desc, s.store_addr, s.phone, s.store_img, s.priority, s.create_time, s.last_edit_time, s.enable_status, s.advice, a.area_id, a.area_name, sc.store_category_id, sc.store_category_name FROM tb_store s, tb_area a, tb_store_category sc WHERE s.area_id=a.area_id AND s.store_category_id = sc.store_category_id AND s.store_id = ?
2020-07-14 21:03:56.969 [http-nio-80-exec-1] DEBUG com.jesse.shop.dao.StoreDao.queryByStoreId - ==> Parameters: 28(Long)
2020-07-14 21:03:56.979 [http-nio-80-exec-1] DEBUG com.jesse.shop.dao.StoreDao.queryByStoreId - <==      Total: 1
2020-07-14 21:06:05.713 [http-nio-80-exec-3] DEBUG com.jesse.shop.dao.StoreDao.queryByStoreId - ==>  Preparing: SELECT s.store_id, s.store_name, s.store_desc, s.store_addr, s.phone, s.store_img, s.priority, s.create_time, s.last_edit_time, s.enable_status, s.advice, a.area_id, a.area_name, sc.store_category_id, sc.store_category_name FROM tb_store s, tb_area a, tb_store_category sc WHERE s.area_id=a.area_id AND s.store_category_id = sc.store_category_id AND s.store_id = ?
2020-07-14 21:06:05.714 [http-nio-80-exec-3] DEBUG com.jesse.shop.dao.StoreDao.queryByStoreId - ==> Parameters: 28(Long)
2020-07-14 21:06:05.718 [http-nio-80-exec-3] DEBUG com.jesse.shop.dao.StoreDao.queryByStoreId - <==      Total: 1
2020-07-14 21:07:04.550 [http-nio-80-exec-7] DEBUG com.jesse.shop.dao.StoreDao.queryByStoreId - ==>  Preparing: SELECT s.store_id, s.store_name, s.store_desc, s.store_addr, s.phone, s.store_img, s.priority, s.create_time, s.last_edit_time, s.enable_status, s.advice, a.area_id, a.area_name, sc.store_category_id, sc.store_category_name FROM tb_store s, tb_area a, tb_store_category sc WHERE s.area_id=a.area_id AND s.store_category_id = sc.store_category_id AND s.store_id = ?
2020-07-14 21:07:04.551 [http-nio-80-exec-7] DEBUG com.jesse.shop.dao.StoreDao.queryByStoreId - ==> Parameters: 28(Long)
2020-07-14 21:07:04.554 [http-nio-80-exec-7] DEBUG com.jesse.shop.dao.StoreDao.queryByStoreId - <==      Total: 1
2020-07-14 21:08:27.606 [http-nio-80-exec-2] DEBUG com.jesse.shop.dao.StoreDao.queryByStoreId - ==>  Preparing: SELECT s.store_id, s.store_name, s.store_desc, s.store_addr, s.phone, s.store_img, s.priority, s.create_time, s.last_edit_time, s.enable_status, s.advice, a.area_id, a.area_name, sc.store_category_id, sc.store_category_name FROM tb_store s, tb_area a, tb_store_category sc WHERE s.area_id=a.area_id AND s.store_category_id = sc.store_category_id AND s.store_id = ?
2020-07-14 21:08:27.606 [http-nio-80-exec-2] DEBUG com.jesse.shop.dao.StoreDao.queryByStoreId - ==> Parameters: 28(Long)
2020-07-14 21:08:27.607 [http-nio-80-exec-2] DEBUG com.jesse.shop.dao.StoreDao.queryByStoreId - <==      Total: 1
2020-07-14 21:08:48.791 [http-nio-80-exec-1] DEBUG com.jesse.shop.dao.StoreDao.queryByStoreId - ==>  Preparing: SELECT s.store_id, s.store_name, s.store_desc, s.store_addr, s.phone, s.store_img, s.priority, s.create_time, s.last_edit_time, s.enable_status, s.advice, a.area_id, a.area_name, sc.store_category_id, sc.store_category_name FROM tb_store s, tb_area a, tb_store_category sc WHERE s.area_id=a.area_id AND s.store_category_id = sc.store_category_id AND s.store_id = ?
2020-07-14 21:08:48.791 [http-nio-80-exec-1] DEBUG com.jesse.shop.dao.StoreDao.queryByStoreId - ==> Parameters: 28(Long)
2020-07-14 21:08:48.793 [http-nio-80-exec-1] DEBUG com.jesse.shop.dao.StoreDao.queryByStoreId - <==      Total: 1
2020-07-14 21:10:14.410 [http-nio-80-exec-5] DEBUG com.jesse.shop.dao.StoreDao.queryByStoreId - ==>  Preparing: SELECT s.store_id, s.store_name, s.store_desc, s.store_addr, s.phone, s.store_img, s.priority, s.create_time, s.last_edit_time, s.enable_status, s.advice, a.area_id, a.area_name, sc.store_category_id, sc.store_category_name FROM tb_store s, tb_area a, tb_store_category sc WHERE s.area_id=a.area_id AND s.store_category_id = sc.store_category_id AND s.store_id = ?
2020-07-14 21:10:14.412 [http-nio-80-exec-5] DEBUG com.jesse.shop.dao.StoreDao.queryByStoreId - ==> Parameters: 28(Long)
2020-07-14 21:10:14.429 [http-nio-80-exec-5] DEBUG com.jesse.shop.dao.StoreDao.queryByStoreId - <==      Total: 1
2020-07-14 21:11:16.288 [http-nio-80-exec-3] DEBUG com.jesse.shop.dao.StoreDao.queryByStoreId - ==>  Preparing: SELECT s.store_id, s.store_name, s.store_desc, s.store_addr, s.phone, s.store_img, s.priority, s.create_time, s.last_edit_time, s.enable_status, s.advice, a.area_id, a.area_name, sc.store_category_id, sc.store_category_name FROM tb_store s, tb_area a, tb_store_category sc WHERE s.area_id=a.area_id AND s.store_category_id = sc.store_category_id AND s.store_id = ?
2020-07-14 21:11:16.290 [http-nio-80-exec-3] DEBUG com.jesse.shop.dao.StoreDao.queryByStoreId - ==> Parameters: 28(Long)
2020-07-14 21:11:16.307 [http-nio-80-exec-3] DEBUG com.jesse.shop.dao.StoreDao.queryByStoreId - <==      Total: 1
2020-07-14 21:13:25.615 [http-nio-80-exec-8] DEBUG com.jesse.shop.dao.StoreDao.queryByStoreId - ==>  Preparing: SELECT s.store_id, s.store_name, s.store_desc, s.store_addr, s.phone, s.store_img, s.priority, s.create_time, s.last_edit_time, s.enable_status, s.advice, a.area_id, a.area_name, sc.store_category_id, sc.store_category_name FROM tb_store s, tb_area a, tb_store_category sc WHERE s.area_id=a.area_id AND s.store_category_id = sc.store_category_id AND s.store_id = ?
2020-07-14 21:13:25.616 [http-nio-80-exec-8] DEBUG com.jesse.shop.dao.StoreDao.queryByStoreId - ==> Parameters: 28(Long)
2020-07-14 21:13:25.619 [http-nio-80-exec-8] DEBUG com.jesse.shop.dao.StoreDao.queryByStoreId - <==      Total: 1
2020-07-14 21:13:25.747 [http-nio-80-exec-9] DEBUG com.jesse.shop.dao.StoreDao.queryByStoreId - ==>  Preparing: SELECT s.store_id, s.store_name, s.store_desc, s.store_addr, s.phone, s.store_img, s.priority, s.create_time, s.last_edit_time, s.enable_status, s.advice, a.area_id, a.area_name, sc.store_category_id, sc.store_category_name FROM tb_store s, tb_area a, tb_store_category sc WHERE s.area_id=a.area_id AND s.store_category_id = sc.store_category_id AND s.store_id = ?
2020-07-14 21:13:25.748 [http-nio-80-exec-9] DEBUG com.jesse.shop.dao.StoreDao.queryByStoreId - ==> Parameters: 28(Long)
2020-07-14 21:13:25.749 [http-nio-80-exec-9] DEBUG com.jesse.shop.dao.StoreDao.queryByStoreId - <==      Total: 1
2020-07-14 21:14:12.574 [http-nio-80-exec-10] DEBUG com.jesse.shop.dao.ProductDao.queryProductList - ==>  Preparing: SELECT product_id, product_name, product_desc, img_addr, normal_price, promotion_price, priority, create_time, last_edit_time, enable_status, # TODO point, product_category_id, store_id FROM tb_product WHERE store_id = ? ORDER BY priority DESC LIMIT ?,?;
2020-07-14 21:14:12.574 [http-nio-80-exec-10] DEBUG com.jesse.shop.dao.ProductDao.queryProductList - ==> Parameters: 28(Long), 0(Integer), 999(Integer)
2020-07-14 21:14:12.577 [http-nio-80-exec-10] DEBUG com.jesse.shop.dao.ProductDao.queryProductList - <==      Total: 6
2020-07-14 21:14:12.577 [http-nio-80-exec-10] DEBUG com.jesse.shop.dao.ProductDao.queryProductCount - ==>  Preparing: SELECT count(1) FROM tb_product WHERE store_id = ?
2020-07-14 21:14:12.578 [http-nio-80-exec-10] DEBUG com.jesse.shop.dao.ProductDao.queryProductCount - ==> Parameters: 28(Long)
2020-07-14 21:14:12.579 [http-nio-80-exec-10] DEBUG com.jesse.shop.dao.ProductDao.queryProductCount - <==      Total: 1
2020-07-14 21:14:27.128 [http-nio-80-exec-7] DEBUG c.j.s.d.P.queryProductCategoryList - ==>  Preparing: SELECT product_category_id, product_category_name, priority, create_time, store_id FROM tb_product_category WHERE store_id=? ORDER BY priority DESC
2020-07-14 21:14:27.129 [http-nio-80-exec-7] DEBUG c.j.s.d.P.queryProductCategoryList - ==> Parameters: 28(Long)
2020-07-14 21:14:27.133 [http-nio-80-exec-7] DEBUG c.j.s.d.P.queryProductCategoryList - <==      Total: 4
2020-07-14 21:14:42.627 [http-nio-80-exec-4] DEBUG com.jesse.shop.dao.ProductDao.queryProductList - ==>  Preparing: SELECT product_id, product_name, product_desc, img_addr, normal_price, promotion_price, priority, create_time, last_edit_time, enable_status, # TODO point, product_category_id, store_id FROM tb_product WHERE store_id = ? ORDER BY priority DESC LIMIT ?,?;
2020-07-14 21:14:42.627 [http-nio-80-exec-4] DEBUG com.jesse.shop.dao.ProductDao.queryProductList - ==> Parameters: 28(Long), 0(Integer), 999(Integer)
2020-07-14 21:14:42.632 [http-nio-80-exec-4] DEBUG com.jesse.shop.dao.ProductDao.queryProductList - <==      Total: 6
2020-07-14 21:14:42.632 [http-nio-80-exec-4] DEBUG com.jesse.shop.dao.ProductDao.queryProductCount - ==>  Preparing: SELECT count(1) FROM tb_product WHERE store_id = ?
2020-07-14 21:14:42.632 [http-nio-80-exec-4] DEBUG com.jesse.shop.dao.ProductDao.queryProductCount - ==> Parameters: 28(Long)
2020-07-14 21:14:42.634 [http-nio-80-exec-4] DEBUG com.jesse.shop.dao.ProductDao.queryProductCount - <==      Total: 1
2020-07-14 21:14:51.964 [http-nio-80-exec-8] DEBUG com.jesse.shop.dao.ProductDao.queryProductById - ==>  Preparing: SELECT p.product_id, p.product_name, p.product_desc, p.img_addr, p.normal_price, p.promotion_price, p.priority, p.create_time, p.last_edit_time, p.enable_status, # TODO p.point, p.product_category_id, p.store_id, pm.product_img_id, pm.img_addr AS detail_img, pm.img_desc, pm.priority AS pm_priority, pm.create_time FROM tb_product p LEFT JOIN tb_product_img pm ON p.product_id = pm.product_id WHERE p.product_id = ? ORDER BY pm.priority DESC
2020-07-14 21:14:51.965 [http-nio-80-exec-8] DEBUG com.jesse.shop.dao.ProductDao.queryProductById - ==> Parameters: 11(Long)
2020-07-14 21:14:51.970 [http-nio-80-exec-8] DEBUG com.jesse.shop.dao.ProductDao.queryProductById - <==      Total: 2
2020-07-14 21:14:51.971 [http-nio-80-exec-8] DEBUG c.j.s.d.P.queryProductCategoryList - ==>  Preparing: SELECT product_category_id, product_category_name, priority, create_time, store_id FROM tb_product_category WHERE store_id=? ORDER BY priority DESC
2020-07-14 21:14:51.971 [http-nio-80-exec-8] DEBUG c.j.s.d.P.queryProductCategoryList - ==> Parameters: 28(Long)
2020-07-14 21:14:51.972 [http-nio-80-exec-8] DEBUG c.j.s.d.P.queryProductCategoryList - <==      Total: 4
2020-07-14 21:15:04.297 [http-nio-80-exec-10] DEBUG com.jesse.shop.dao.ProductDao.queryProductList - ==>  Preparing: SELECT product_id, product_name, product_desc, img_addr, normal_price, promotion_price, priority, create_time, last_edit_time, enable_status, # TODO point, product_category_id, store_id FROM tb_product WHERE store_id = ? ORDER BY priority DESC LIMIT ?,?;
2020-07-14 21:15:04.298 [http-nio-80-exec-10] DEBUG com.jesse.shop.dao.ProductDao.queryProductList - ==> Parameters: 28(Long), 0(Integer), 999(Integer)
2020-07-14 21:15:04.300 [http-nio-80-exec-10] DEBUG com.jesse.shop.dao.ProductDao.queryProductList - <==      Total: 6
2020-07-14 21:15:04.300 [http-nio-80-exec-10] DEBUG com.jesse.shop.dao.ProductDao.queryProductCount - ==>  Preparing: SELECT count(1) FROM tb_product WHERE store_id = ?
2020-07-14 21:15:04.300 [http-nio-80-exec-10] DEBUG com.jesse.shop.dao.ProductDao.queryProductCount - ==> Parameters: 28(Long)
2020-07-14 21:15:04.301 [http-nio-80-exec-10] DEBUG com.jesse.shop.dao.ProductDao.queryProductCount - <==      Total: 1
2020-07-14 21:21:23.245 [http-nio-80-exec-6] DEBUG c.j.s.d.P.queryProductCategoryList - ==>  Preparing: SELECT product_category_id, product_category_name, priority, create_time, store_id FROM tb_product_category WHERE store_id=? ORDER BY priority DESC
2020-07-14 21:21:23.245 [http-nio-80-exec-6] DEBUG c.j.s.d.P.queryProductCategoryList - ==> Parameters: 28(Long)
2020-07-14 21:21:23.248 [http-nio-80-exec-6] DEBUG c.j.s.d.P.queryProductCategoryList - <==      Total: 4
2020-07-14 21:23:26.530 [http-nio-80-exec-7] DEBUG com.jesse.shop.dao.StoreDao.queryStoreList - ==>  Preparing: SELECT s.store_id, s.store_name, s.store_desc, s.store_addr, s.phone, s.store_img, s.priority, s.create_time, s.last_edit_time, s.enable_status, s.advice, a.area_id, a.area_name, sc.store_category_id, sc.store_category_name FROM tb_store s, tb_area a, tb_store_category sc WHERE s.enable_status = ? AND s.store_category_id = sc.store_category_id AND s.area_id = a.area_id ORDER BY s.priority DESC LIMIT ?, ?;
2020-07-14 21:23:26.530 [http-nio-80-exec-7] DEBUG com.jesse.shop.dao.StoreDao.queryStoreList - ==> Parameters: 1(Integer), 0(Integer), 3(Integer)
2020-07-14 21:23:26.532 [http-nio-80-exec-7] DEBUG com.jesse.shop.dao.StoreDao.queryStoreList - <==      Total: 3
2020-07-14 21:23:26.533 [http-nio-80-exec-7] DEBUG com.jesse.shop.dao.StoreDao.queryStoreCount - ==>  Preparing: SELECT count(1) FROM tb_store s, tb_area a, tb_store_category sc WHERE s.enable_status = ? AND s.store_category_id = sc.store_category_id AND s.area_id = a.area_id
2020-07-14 21:23:26.534 [http-nio-80-exec-7] DEBUG com.jesse.shop.dao.StoreDao.queryStoreCount - ==> Parameters: 1(Integer)
2020-07-14 21:23:26.535 [http-nio-80-exec-7] DEBUG com.jesse.shop.dao.StoreDao.queryStoreCount - <==      Total: 1
2020-07-14 21:23:45.349 [http-nio-80-exec-8] DEBUG com.jesse.shop.dao.StoreDao.queryStoreList - ==>  Preparing: SELECT s.store_id, s.store_name, s.store_desc, s.store_addr, s.phone, s.store_img, s.priority, s.create_time, s.last_edit_time, s.enable_status, s.advice, a.area_id, a.area_name, sc.store_category_id, sc.store_category_name FROM tb_store s, tb_area a, tb_store_category sc WHERE s.store_category_id in (select store_category_id from tb_store_category where parent_id = ?) and s.enable_status = ? AND s.store_category_id = sc.store_category_id AND s.area_id = a.area_id ORDER BY s.priority DESC LIMIT ?, ?;
2020-07-14 21:23:45.349 [http-nio-80-exec-8] DEBUG com.jesse.shop.dao.StoreDao.queryStoreList - ==> Parameters: 12(Long), 1(Integer), 0(Integer), 3(Integer)
2020-07-14 21:23:45.353 [http-nio-80-exec-8] DEBUG com.jesse.shop.dao.StoreDao.queryStoreList - <==      Total: 3
2020-07-14 21:23:45.354 [http-nio-80-exec-8] DEBUG com.jesse.shop.dao.StoreDao.queryStoreCount - ==>  Preparing: SELECT count(1) FROM tb_store s, tb_area a, tb_store_category sc WHERE s.store_category_id in (select store_category_id from tb_store_category where parent_id = ?) and s.enable_status = ? AND s.store_category_id = sc.store_category_id AND s.area_id = a.area_id
2020-07-14 21:23:45.354 [http-nio-80-exec-8] DEBUG com.jesse.shop.dao.StoreDao.queryStoreCount - ==> Parameters: 12(Long), 1(Integer)
2020-07-14 21:23:45.355 [http-nio-80-exec-8] DEBUG com.jesse.shop.dao.StoreDao.queryStoreCount - <==      Total: 1
2020-07-14 21:24:27.436 [http-nio-80-exec-9] DEBUG com.jesse.shop.dao.StoreDao.queryStoreList - ==>  Preparing: SELECT s.store_id, s.store_name, s.store_desc, s.store_addr, s.phone, s.store_img, s.priority, s.create_time, s.last_edit_time, s.enable_status, s.advice, a.area_id, a.area_name, sc.store_category_id, sc.store_category_name FROM tb_store s, tb_area a, tb_store_category sc WHERE s.store_category_id in (select store_category_id from tb_store_category where parent_id = ?) and s.enable_status = ? AND s.store_category_id = sc.store_category_id AND s.area_id = a.area_id ORDER BY s.priority DESC LIMIT ?, ?;
2020-07-14 21:24:27.436 [http-nio-80-exec-9] DEBUG com.jesse.shop.dao.StoreDao.queryStoreList - ==> Parameters: 12(Long), 1(Integer), 0(Integer), 3(Integer)
2020-07-14 21:24:27.438 [http-nio-80-exec-9] DEBUG com.jesse.shop.dao.StoreDao.queryStoreList - <==      Total: 3
2020-07-14 21:24:27.438 [http-nio-80-exec-9] DEBUG com.jesse.shop.dao.StoreDao.queryStoreCount - ==>  Preparing: SELECT count(1) FROM tb_store s, tb_area a, tb_store_category sc WHERE s.store_category_id in (select store_category_id from tb_store_category where parent_id = ?) and s.enable_status = ? AND s.store_category_id = sc.store_category_id AND s.area_id = a.area_id
2020-07-14 21:24:27.438 [http-nio-80-exec-9] DEBUG com.jesse.shop.dao.StoreDao.queryStoreCount - ==> Parameters: 12(Long), 1(Integer)
2020-07-14 21:24:27.440 [http-nio-80-exec-9] DEBUG com.jesse.shop.dao.StoreDao.queryStoreCount - <==      Total: 1
2020-07-14 21:24:32.535 [http-nio-80-exec-5] DEBUG com.jesse.shop.dao.StoreDao.queryByStoreId - ==>  Preparing: SELECT s.store_id, s.store_name, s.store_desc, s.store_addr, s.phone, s.store_img, s.priority, s.create_time, s.last_edit_time, s.enable_status, s.advice, a.area_id, a.area_name, sc.store_category_id, sc.store_category_name FROM tb_store s, tb_area a, tb_store_category sc WHERE s.area_id=a.area_id AND s.store_category_id = sc.store_category_id AND s.store_id = ?
2020-07-14 21:24:32.535 [http-nio-80-exec-5] DEBUG com.jesse.shop.dao.StoreDao.queryByStoreId - ==> Parameters: 28(Long)
2020-07-14 21:24:32.535 [http-nio-80-exec-6] DEBUG com.jesse.shop.dao.ProductDao.queryProductList - ==>  Preparing: SELECT product_id, product_name, product_desc, img_addr, normal_price, promotion_price, priority, create_time, last_edit_time, enable_status, # TODO point, product_category_id, store_id FROM tb_product WHERE store_id = ? and enable_status = ? ORDER BY priority DESC LIMIT ?,?;
2020-07-14 21:24:32.535 [http-nio-80-exec-6] DEBUG com.jesse.shop.dao.ProductDao.queryProductList - ==> Parameters: 28(Long), 1(Integer), 0(Integer), 3(Integer)
2020-07-14 21:24:32.536 [http-nio-80-exec-6] DEBUG com.jesse.shop.dao.ProductDao.queryProductList - <==      Total: 3
2020-07-14 21:24:32.537 [http-nio-80-exec-5] DEBUG com.jesse.shop.dao.StoreDao.queryByStoreId - <==      Total: 1
2020-07-14 21:24:32.537 [http-nio-80-exec-6] DEBUG com.jesse.shop.dao.ProductDao.queryProductCount - ==>  Preparing: SELECT count(1) FROM tb_product WHERE store_id = ? and enable_status = ?
2020-07-14 21:24:32.537 [http-nio-80-exec-6] DEBUG com.jesse.shop.dao.ProductDao.queryProductCount - ==> Parameters: 28(Long), 1(Integer)
2020-07-14 21:24:32.538 [http-nio-80-exec-6] DEBUG com.jesse.shop.dao.ProductDao.queryProductCount - <==      Total: 1
2020-07-14 21:24:32.538 [http-nio-80-exec-5] DEBUG c.j.s.d.P.queryProductCategoryList - ==>  Preparing: SELECT product_category_id, product_category_name, priority, create_time, store_id FROM tb_product_category WHERE store_id=? ORDER BY priority DESC
2020-07-14 21:24:32.538 [http-nio-80-exec-5] DEBUG c.j.s.d.P.queryProductCategoryList - ==> Parameters: 28(Long)
2020-07-14 21:24:32.541 [http-nio-80-exec-5] DEBUG c.j.s.d.P.queryProductCategoryList - <==      Total: 4
2020-07-14 21:24:49.362 [http-nio-80-exec-9] DEBUG com.jesse.shop.dao.ProductDao.queryProductList - ==>  Preparing: SELECT product_id, product_name, product_desc, img_addr, normal_price, promotion_price, priority, create_time, last_edit_time, enable_status, # TODO point, product_category_id, store_id FROM tb_product WHERE store_id = ? and enable_status = ? ORDER BY priority DESC LIMIT ?,?;
2020-07-14 21:24:49.363 [http-nio-80-exec-9] DEBUG com.jesse.shop.dao.ProductDao.queryProductList - ==> Parameters: 28(Long), 1(Integer), 3(Integer), 3(Integer)
2020-07-14 21:24:49.369 [http-nio-80-exec-9] DEBUG com.jesse.shop.dao.ProductDao.queryProductList - <==      Total: 2
2020-07-14 21:24:49.371 [http-nio-80-exec-9] DEBUG com.jesse.shop.dao.ProductDao.queryProductCount - ==>  Preparing: SELECT count(1) FROM tb_product WHERE store_id = ? and enable_status = ?
2020-07-14 21:24:49.372 [http-nio-80-exec-9] DEBUG com.jesse.shop.dao.ProductDao.queryProductCount - ==> Parameters: 28(Long), 1(Integer)
2020-07-14 21:24:49.374 [http-nio-80-exec-9] DEBUG com.jesse.shop.dao.ProductDao.queryProductCount - <==      Total: 1
2020-07-14 21:24:50.469 [http-nio-80-exec-2] DEBUG com.jesse.shop.dao.ProductDao.queryProductList - ==>  Preparing: SELECT product_id, product_name, product_desc, img_addr, normal_price, promotion_price, priority, create_time, last_edit_time, enable_status, # TODO point, product_category_id, store_id FROM tb_product WHERE store_id = ? and enable_status = ? ORDER BY priority DESC LIMIT ?,?;
2020-07-14 21:24:50.469 [http-nio-80-exec-2] DEBUG com.jesse.shop.dao.ProductDao.queryProductList - ==> Parameters: 28(Long), 1(Integer), 6(Integer), 3(Integer)
2020-07-14 21:24:50.471 [http-nio-80-exec-2] DEBUG com.jesse.shop.dao.ProductDao.queryProductList - <==      Total: 0
2020-07-14 21:24:50.471 [http-nio-80-exec-2] DEBUG com.jesse.shop.dao.ProductDao.queryProductCount - ==>  Preparing: SELECT count(1) FROM tb_product WHERE store_id = ? and enable_status = ?
2020-07-14 21:24:50.472 [http-nio-80-exec-2] DEBUG com.jesse.shop.dao.ProductDao.queryProductCount - ==> Parameters: 28(Long), 1(Integer)
2020-07-14 21:24:50.473 [http-nio-80-exec-2] DEBUG com.jesse.shop.dao.ProductDao.queryProductCount - <==      Total: 1
2020-07-14 21:24:50.501 [http-nio-80-exec-3] DEBUG com.jesse.shop.dao.ProductDao.queryProductList - ==>  Preparing: SELECT product_id, product_name, product_desc, img_addr, normal_price, promotion_price, priority, create_time, last_edit_time, enable_status, # TODO point, product_category_id, store_id FROM tb_product WHERE store_id = ? and enable_status = ? ORDER BY priority DESC LIMIT ?,?;
2020-07-14 21:24:50.502 [http-nio-80-exec-3] DEBUG com.jesse.shop.dao.ProductDao.queryProductList - ==> Parameters: 28(Long), 1(Integer), 9(Integer), 3(Integer)
2020-07-14 21:24:50.503 [http-nio-80-exec-3] DEBUG com.jesse.shop.dao.ProductDao.queryProductList - <==      Total: 0
2020-07-14 21:24:50.504 [http-nio-80-exec-3] DEBUG com.jesse.shop.dao.ProductDao.queryProductCount - ==>  Preparing: SELECT count(1) FROM tb_product WHERE store_id = ? and enable_status = ?
2020-07-14 21:24:50.504 [http-nio-80-exec-3] DEBUG com.jesse.shop.dao.ProductDao.queryProductCount - ==> Parameters: 28(Long), 1(Integer)
2020-07-14 21:24:50.505 [http-nio-80-exec-3] DEBUG com.jesse.shop.dao.ProductDao.queryProductCount - <==      Total: 1
2020-07-14 21:24:50.520 [http-nio-80-exec-6] DEBUG com.jesse.shop.dao.ProductDao.queryProductList - ==>  Preparing: SELECT product_id, product_name, product_desc, img_addr, normal_price, promotion_price, priority, create_time, last_edit_time, enable_status, # TODO point, product_category_id, store_id FROM tb_product WHERE store_id = ? and enable_status = ? ORDER BY priority DESC LIMIT ?,?;
2020-07-14 21:24:50.520 [http-nio-80-exec-6] DEBUG com.jesse.shop.dao.ProductDao.queryProductList - ==> Parameters: 28(Long), 1(Integer), 12(Integer), 3(Integer)
2020-07-14 21:24:50.522 [http-nio-80-exec-6] DEBUG com.jesse.shop.dao.ProductDao.queryProductList - <==      Total: 0
2020-07-14 21:24:50.522 [http-nio-80-exec-6] DEBUG com.jesse.shop.dao.ProductDao.queryProductCount - ==>  Preparing: SELECT count(1) FROM tb_product WHERE store_id = ? and enable_status = ?
2020-07-14 21:24:50.523 [http-nio-80-exec-6] DEBUG com.jesse.shop.dao.ProductDao.queryProductCount - ==> Parameters: 28(Long), 1(Integer)
2020-07-14 21:24:50.524 [http-nio-80-exec-6] DEBUG com.jesse.shop.dao.ProductDao.queryProductCount - <==      Total: 1
2020-07-14 21:24:50.833 [http-nio-80-exec-5] DEBUG com.jesse.shop.dao.ProductDao.queryProductList - ==>  Preparing: SELECT product_id, product_name, product_desc, img_addr, normal_price, promotion_price, priority, create_time, last_edit_time, enable_status, # TODO point, product_category_id, store_id FROM tb_product WHERE store_id = ? and enable_status = ? ORDER BY priority DESC LIMIT ?,?;
2020-07-14 21:24:50.834 [http-nio-80-exec-5] DEBUG com.jesse.shop.dao.ProductDao.queryProductList - ==> Parameters: 28(Long), 1(Integer), 15(Integer), 3(Integer)
2020-07-14 21:24:50.835 [http-nio-80-exec-5] DEBUG com.jesse.shop.dao.ProductDao.queryProductList - <==      Total: 0
2020-07-14 21:24:50.837 [http-nio-80-exec-5] DEBUG com.jesse.shop.dao.ProductDao.queryProductCount - ==>  Preparing: SELECT count(1) FROM tb_product WHERE store_id = ? and enable_status = ?
2020-07-14 21:24:50.837 [http-nio-80-exec-5] DEBUG com.jesse.shop.dao.ProductDao.queryProductCount - ==> Parameters: 28(Long), 1(Integer)
2020-07-14 21:24:50.839 [http-nio-80-exec-5] DEBUG com.jesse.shop.dao.ProductDao.queryProductCount - <==      Total: 1
2020-07-14 21:24:50.857 [http-nio-80-exec-7] DEBUG com.jesse.shop.dao.ProductDao.queryProductList - ==>  Preparing: SELECT product_id, product_name, product_desc, img_addr, normal_price, promotion_price, priority, create_time, last_edit_time, enable_status, # TODO point, product_category_id, store_id FROM tb_product WHERE store_id = ? and enable_status = ? ORDER BY priority DESC LIMIT ?,?;
2020-07-14 21:24:50.858 [http-nio-80-exec-7] DEBUG com.jesse.shop.dao.ProductDao.queryProductList - ==> Parameters: 28(Long), 1(Integer), 18(Integer), 3(Integer)
2020-07-14 21:24:50.859 [http-nio-80-exec-7] DEBUG com.jesse.shop.dao.ProductDao.queryProductList - <==      Total: 0
2020-07-14 21:24:50.860 [http-nio-80-exec-7] DEBUG com.jesse.shop.dao.ProductDao.queryProductCount - ==>  Preparing: SELECT count(1) FROM tb_product WHERE store_id = ? and enable_status = ?
2020-07-14 21:24:50.860 [http-nio-80-exec-7] DEBUG com.jesse.shop.dao.ProductDao.queryProductCount - ==> Parameters: 28(Long), 1(Integer)
2020-07-14 21:24:50.861 [http-nio-80-exec-7] DEBUG com.jesse.shop.dao.ProductDao.queryProductCount - <==      Total: 1
2020-07-14 21:24:50.884 [http-nio-80-exec-4] DEBUG com.jesse.shop.dao.ProductDao.queryProductList - ==>  Preparing: SELECT product_id, product_name, product_desc, img_addr, normal_price, promotion_price, priority, create_time, last_edit_time, enable_status, # TODO point, product_category_id, store_id FROM tb_product WHERE store_id = ? and enable_status = ? ORDER BY priority DESC LIMIT ?,?;
2020-07-14 21:24:50.884 [http-nio-80-exec-4] DEBUG com.jesse.shop.dao.ProductDao.queryProductList - ==> Parameters: 28(Long), 1(Integer), 21(Integer), 3(Integer)
2020-07-14 21:24:50.885 [http-nio-80-exec-4] DEBUG com.jesse.shop.dao.ProductDao.queryProductList - <==      Total: 0
2020-07-14 21:24:50.886 [http-nio-80-exec-4] DEBUG com.jesse.shop.dao.ProductDao.queryProductCount - ==>  Preparing: SELECT count(1) FROM tb_product WHERE store_id = ? and enable_status = ?
2020-07-14 21:24:50.886 [http-nio-80-exec-4] DEBUG com.jesse.shop.dao.ProductDao.queryProductCount - ==> Parameters: 28(Long), 1(Integer)
2020-07-14 21:24:50.887 [http-nio-80-exec-4] DEBUG com.jesse.shop.dao.ProductDao.queryProductCount - <==      Total: 1
2020-07-14 21:25:07.016 [http-nio-80-exec-8] DEBUG com.jesse.shop.dao.ProductDao.queryProductList - ==>  Preparing: SELECT product_id, product_name, product_desc, img_addr, normal_price, promotion_price, priority, create_time, last_edit_time, enable_status, # TODO point, product_category_id, store_id FROM tb_product WHERE store_id = ? and enable_status = ? ORDER BY priority DESC LIMIT ?,?;
2020-07-14 21:25:07.017 [http-nio-80-exec-8] DEBUG com.jesse.shop.dao.ProductDao.queryProductList - ==> Parameters: 28(Long), 1(Integer), 24(Integer), 3(Integer)
2020-07-14 21:25:07.018 [http-nio-80-exec-8] DEBUG com.jesse.shop.dao.ProductDao.queryProductList - <==      Total: 0
2020-07-14 21:25:07.019 [http-nio-80-exec-8] DEBUG com.jesse.shop.dao.ProductDao.queryProductCount - ==>  Preparing: SELECT count(1) FROM tb_product WHERE store_id = ? and enable_status = ?
2020-07-14 21:25:07.019 [http-nio-80-exec-8] DEBUG com.jesse.shop.dao.ProductDao.queryProductCount - ==> Parameters: 28(Long), 1(Integer)
2020-07-14 21:25:07.021 [http-nio-80-exec-8] DEBUG com.jesse.shop.dao.ProductDao.queryProductCount - <==      Total: 1
2020-07-14 21:25:07.046 [http-nio-80-exec-9] DEBUG com.jesse.shop.dao.ProductDao.queryProductList - ==>  Preparing: SELECT product_id, product_name, product_desc, img_addr, normal_price, promotion_price, priority, create_time, last_edit_time, enable_status, # TODO point, product_category_id, store_id FROM tb_product WHERE store_id = ? and enable_status = ? ORDER BY priority DESC LIMIT ?,?;
2020-07-14 21:25:07.047 [http-nio-80-exec-9] DEBUG com.jesse.shop.dao.ProductDao.queryProductList - ==> Parameters: 28(Long), 1(Integer), 27(Integer), 3(Integer)
2020-07-14 21:25:07.047 [http-nio-80-exec-9] DEBUG com.jesse.shop.dao.ProductDao.queryProductList - <==      Total: 0
2020-07-14 21:25:07.048 [http-nio-80-exec-9] DEBUG com.jesse.shop.dao.ProductDao.queryProductCount - ==>  Preparing: SELECT count(1) FROM tb_product WHERE store_id = ? and enable_status = ?
2020-07-14 21:25:07.048 [http-nio-80-exec-9] DEBUG com.jesse.shop.dao.ProductDao.queryProductCount - ==> Parameters: 28(Long), 1(Integer)
2020-07-14 21:25:07.049 [http-nio-80-exec-9] DEBUG com.jesse.shop.dao.ProductDao.queryProductCount - <==      Total: 1
2020-07-14 21:25:07.062 [http-nio-80-exec-10] DEBUG com.jesse.shop.dao.ProductDao.queryProductList - ==>  Preparing: SELECT product_id, product_name, product_desc, img_addr, normal_price, promotion_price, priority, create_time, last_edit_time, enable_status, # TODO point, product_category_id, store_id FROM tb_product WHERE store_id = ? and enable_status = ? ORDER BY priority DESC LIMIT ?,?;
2020-07-14 21:25:07.062 [http-nio-80-exec-10] DEBUG com.jesse.shop.dao.ProductDao.queryProductList - ==> Parameters: 28(Long), 1(Integer), 30(Integer), 3(Integer)
2020-07-14 21:25:07.063 [http-nio-80-exec-10] DEBUG com.jesse.shop.dao.ProductDao.queryProductList - <==      Total: 0
2020-07-14 21:25:07.063 [http-nio-80-exec-10] DEBUG com.jesse.shop.dao.ProductDao.queryProductCount - ==>  Preparing: SELECT count(1) FROM tb_product WHERE store_id = ? and enable_status = ?
2020-07-14 21:25:07.064 [http-nio-80-exec-10] DEBUG com.jesse.shop.dao.ProductDao.queryProductCount - ==> Parameters: 28(Long), 1(Integer)
2020-07-14 21:25:07.064 [http-nio-80-exec-10] DEBUG com.jesse.shop.dao.ProductDao.queryProductCount - <==      Total: 1
2020-07-14 21:25:07.079 [http-nio-80-exec-1] DEBUG com.jesse.shop.dao.ProductDao.queryProductList - ==>  Preparing: SELECT product_id, product_name, product_desc, img_addr, normal_price, promotion_price, priority, create_time, last_edit_time, enable_status, # TODO point, product_category_id, store_id FROM tb_product WHERE store_id = ? and enable_status = ? ORDER BY priority DESC LIMIT ?,?;
2020-07-14 21:25:07.079 [http-nio-80-exec-1] DEBUG com.jesse.shop.dao.ProductDao.queryProductList - ==> Parameters: 28(Long), 1(Integer), 33(Integer), 3(Integer)
2020-07-14 21:25:07.080 [http-nio-80-exec-1] DEBUG com.jesse.shop.dao.ProductDao.queryProductList - <==      Total: 0
2020-07-14 21:25:07.081 [http-nio-80-exec-1] DEBUG com.jesse.shop.dao.ProductDao.queryProductCount - ==>  Preparing: SELECT count(1) FROM tb_product WHERE store_id = ? and enable_status = ?
2020-07-14 21:25:07.081 [http-nio-80-exec-1] DEBUG com.jesse.shop.dao.ProductDao.queryProductCount - ==> Parameters: 28(Long), 1(Integer)
2020-07-14 21:25:07.082 [http-nio-80-exec-1] DEBUG com.jesse.shop.dao.ProductDao.queryProductCount - <==      Total: 1
2020-07-14 21:25:07.095 [http-nio-80-exec-2] DEBUG com.jesse.shop.dao.ProductDao.queryProductList - ==>  Preparing: SELECT product_id, product_name, product_desc, img_addr, normal_price, promotion_price, priority, create_time, last_edit_time, enable_status, # TODO point, product_category_id, store_id FROM tb_product WHERE store_id = ? and enable_status = ? ORDER BY priority DESC LIMIT ?,?;
2020-07-14 21:25:07.096 [http-nio-80-exec-2] DEBUG com.jesse.shop.dao.ProductDao.queryProductList - ==> Parameters: 28(Long), 1(Integer), 36(Integer), 3(Integer)
2020-07-14 21:25:07.097 [http-nio-80-exec-2] DEBUG com.jesse.shop.dao.ProductDao.queryProductList - <==      Total: 0
2020-07-14 21:25:07.097 [http-nio-80-exec-2] DEBUG com.jesse.shop.dao.ProductDao.queryProductCount - ==>  Preparing: SELECT count(1) FROM tb_product WHERE store_id = ? and enable_status = ?
2020-07-14 21:25:07.097 [http-nio-80-exec-2] DEBUG com.jesse.shop.dao.ProductDao.queryProductCount - ==> Parameters: 28(Long), 1(Integer)
2020-07-14 21:25:07.098 [http-nio-80-exec-2] DEBUG com.jesse.shop.dao.ProductDao.queryProductCount - <==      Total: 1
2020-07-14 21:25:07.112 [http-nio-80-exec-3] DEBUG com.jesse.shop.dao.ProductDao.queryProductList - ==>  Preparing: SELECT product_id, product_name, product_desc, img_addr, normal_price, promotion_price, priority, create_time, last_edit_time, enable_status, # TODO point, product_category_id, store_id FROM tb_product WHERE store_id = ? and enable_status = ? ORDER BY priority DESC LIMIT ?,?;
2020-07-14 21:25:07.112 [http-nio-80-exec-3] DEBUG com.jesse.shop.dao.ProductDao.queryProductList - ==> Parameters: 28(Long), 1(Integer), 39(Integer), 3(Integer)
2020-07-14 21:25:07.113 [http-nio-80-exec-3] DEBUG com.jesse.shop.dao.ProductDao.queryProductList - <==      Total: 0
2020-07-14 21:25:07.114 [http-nio-80-exec-3] DEBUG com.jesse.shop.dao.ProductDao.queryProductCount - ==>  Preparing: SELECT count(1) FROM tb_product WHERE store_id = ? and enable_status = ?
2020-07-14 21:25:07.114 [http-nio-80-exec-3] DEBUG com.jesse.shop.dao.ProductDao.queryProductCount - ==> Parameters: 28(Long), 1(Integer)
2020-07-14 21:25:07.115 [http-nio-80-exec-3] DEBUG com.jesse.shop.dao.ProductDao.queryProductCount - <==      Total: 1
2020-07-14 21:25:07.128 [http-nio-80-exec-6] DEBUG com.jesse.shop.dao.ProductDao.queryProductList - ==>  Preparing: SELECT product_id, product_name, product_desc, img_addr, normal_price, promotion_price, priority, create_time, last_edit_time, enable_status, # TODO point, product_category_id, store_id FROM tb_product WHERE store_id = ? and enable_status = ? ORDER BY priority DESC LIMIT ?,?;
2020-07-14 21:25:07.128 [http-nio-80-exec-6] DEBUG com.jesse.shop.dao.ProductDao.queryProductList - ==> Parameters: 28(Long), 1(Integer), 42(Integer), 3(Integer)
2020-07-14 21:25:07.129 [http-nio-80-exec-6] DEBUG com.jesse.shop.dao.ProductDao.queryProductList - <==      Total: 0
2020-07-14 21:25:07.129 [http-nio-80-exec-6] DEBUG com.jesse.shop.dao.ProductDao.queryProductCount - ==>  Preparing: SELECT count(1) FROM tb_product WHERE store_id = ? and enable_status = ?
2020-07-14 21:25:07.129 [http-nio-80-exec-6] DEBUG com.jesse.shop.dao.ProductDao.queryProductCount - ==> Parameters: 28(Long), 1(Integer)
2020-07-14 21:25:07.130 [http-nio-80-exec-6] DEBUG com.jesse.shop.dao.ProductDao.queryProductCount - <==      Total: 1
2020-07-14 21:25:21.116 [http-nio-80-exec-5] DEBUG com.jesse.shop.dao.ProductDao.queryProductList - ==>  Preparing: SELECT product_id, product_name, product_desc, img_addr, normal_price, promotion_price, priority, create_time, last_edit_time, enable_status, # TODO point, product_category_id, store_id FROM tb_product WHERE store_id = ? and enable_status = ? ORDER BY priority DESC LIMIT ?,?;
2020-07-14 21:25:21.117 [http-nio-80-exec-5] DEBUG com.jesse.shop.dao.ProductDao.queryProductList - ==> Parameters: 28(Long), 1(Integer), 45(Integer), 3(Integer)
2020-07-14 21:25:21.117 [http-nio-80-exec-5] DEBUG com.jesse.shop.dao.ProductDao.queryProductList - <==      Total: 0
2020-07-14 21:25:21.118 [http-nio-80-exec-5] DEBUG com.jesse.shop.dao.ProductDao.queryProductCount - ==>  Preparing: SELECT count(1) FROM tb_product WHERE store_id = ? and enable_status = ?
2020-07-14 21:25:21.118 [http-nio-80-exec-5] DEBUG com.jesse.shop.dao.ProductDao.queryProductCount - ==> Parameters: 28(Long), 1(Integer)
2020-07-14 21:25:21.119 [http-nio-80-exec-5] DEBUG com.jesse.shop.dao.ProductDao.queryProductCount - <==      Total: 1
2020-07-14 21:25:21.140 [http-nio-80-exec-7] DEBUG com.jesse.shop.dao.ProductDao.queryProductList - ==>  Preparing: SELECT product_id, product_name, product_desc, img_addr, normal_price, promotion_price, priority, create_time, last_edit_time, enable_status, # TODO point, product_category_id, store_id FROM tb_product WHERE store_id = ? and enable_status = ? ORDER BY priority DESC LIMIT ?,?;
2020-07-14 21:25:21.140 [http-nio-80-exec-7] DEBUG com.jesse.shop.dao.ProductDao.queryProductList - ==> Parameters: 28(Long), 1(Integer), 48(Integer), 3(Integer)
2020-07-14 21:25:21.140 [http-nio-80-exec-7] DEBUG com.jesse.shop.dao.ProductDao.queryProductList - <==      Total: 0
2020-07-14 21:25:21.141 [http-nio-80-exec-7] DEBUG com.jesse.shop.dao.ProductDao.queryProductCount - ==>  Preparing: SELECT count(1) FROM tb_product WHERE store_id = ? and enable_status = ?
2020-07-14 21:25:21.141 [http-nio-80-exec-7] DEBUG com.jesse.shop.dao.ProductDao.queryProductCount - ==> Parameters: 28(Long), 1(Integer)
2020-07-14 21:25:21.142 [http-nio-80-exec-7] DEBUG com.jesse.shop.dao.ProductDao.queryProductCount - <==      Total: 1
2020-07-14 21:25:21.157 [http-nio-80-exec-4] DEBUG com.jesse.shop.dao.ProductDao.queryProductList - ==>  Preparing: SELECT product_id, product_name, product_desc, img_addr, normal_price, promotion_price, priority, create_time, last_edit_time, enable_status, # TODO point, product_category_id, store_id FROM tb_product WHERE store_id = ? and enable_status = ? ORDER BY priority DESC LIMIT ?,?;
2020-07-14 21:25:21.157 [http-nio-80-exec-4] DEBUG com.jesse.shop.dao.ProductDao.queryProductList - ==> Parameters: 28(Long), 1(Integer), 51(Integer), 3(Integer)
2020-07-14 21:25:21.158 [http-nio-80-exec-4] DEBUG com.jesse.shop.dao.ProductDao.queryProductList - <==      Total: 0
2020-07-14 21:25:21.158 [http-nio-80-exec-4] DEBUG com.jesse.shop.dao.ProductDao.queryProductCount - ==>  Preparing: SELECT count(1) FROM tb_product WHERE store_id = ? and enable_status = ?
2020-07-14 21:25:21.158 [http-nio-80-exec-4] DEBUG com.jesse.shop.dao.ProductDao.queryProductCount - ==> Parameters: 28(Long), 1(Integer)
2020-07-14 21:25:21.159 [http-nio-80-exec-4] DEBUG com.jesse.shop.dao.ProductDao.queryProductCount - <==      Total: 1
2020-07-14 21:25:21.173 [http-nio-80-exec-8] DEBUG com.jesse.shop.dao.ProductDao.queryProductList - ==>  Preparing: SELECT product_id, product_name, product_desc, img_addr, normal_price, promotion_price, priority, create_time, last_edit_time, enable_status, # TODO point, product_category_id, store_id FROM tb_product WHERE store_id = ? and enable_status = ? ORDER BY priority DESC LIMIT ?,?;
2020-07-14 21:25:21.174 [http-nio-80-exec-8] DEBUG com.jesse.shop.dao.ProductDao.queryProductList - ==> Parameters: 28(Long), 1(Integer), 54(Integer), 3(Integer)
2020-07-14 21:25:21.174 [http-nio-80-exec-8] DEBUG com.jesse.shop.dao.ProductDao.queryProductList - <==      Total: 0
2020-07-14 21:25:21.175 [http-nio-80-exec-8] DEBUG com.jesse.shop.dao.ProductDao.queryProductCount - ==>  Preparing: SELECT count(1) FROM tb_product WHERE store_id = ? and enable_status = ?
2020-07-14 21:25:21.175 [http-nio-80-exec-8] DEBUG com.jesse.shop.dao.ProductDao.queryProductCount - ==> Parameters: 28(Long), 1(Integer)
2020-07-14 21:25:21.176 [http-nio-80-exec-8] DEBUG com.jesse.shop.dao.ProductDao.queryProductCount - <==      Total: 1
2020-07-14 21:25:26.118 [http-nio-80-exec-2] DEBUG com.jesse.shop.dao.ProductDao.queryProductById - ==>  Preparing: SELECT p.product_id, p.product_name, p.product_desc, p.img_addr, p.normal_price, p.promotion_price, p.priority, p.create_time, p.last_edit_time, p.enable_status, # TODO p.point, p.product_category_id, p.store_id, pm.product_img_id, pm.img_addr AS detail_img, pm.img_desc, pm.priority AS pm_priority, pm.create_time FROM tb_product p LEFT JOIN tb_product_img pm ON p.product_id = pm.product_id WHERE p.product_id = ? ORDER BY pm.priority DESC
2020-07-14 21:25:26.119 [http-nio-80-exec-2] DEBUG com.jesse.shop.dao.ProductDao.queryProductById - ==> Parameters: 11(Long)
2020-07-14 21:25:26.122 [http-nio-80-exec-2] DEBUG com.jesse.shop.dao.ProductDao.queryProductById - <==      Total: 2
